This is pdfTeX, Version 3.141592653-2.6-1.40.28 (TeX Live 2025) (preloaded format=pdflatex 2025.8.24)  2 NOV 2025 12:16
entering extended mode
 restricted \write18 enabled.
 %&-line parsing enabled.
**document.tex
(./document.tex
LaTeX2e <2025-06-01> patch level 1
L3 programming layer <2025-08-13>
(c:/texlive/2025/texmf-dist/tex/latex/base/article.cls
Document Class: article 2025/01/22 v1.4n Standard LaTeX document class
(c:/texlive/2025/texmf-dist/tex/latex/base/size12.clo
File: size12.clo 2025/01/22 v1.4n Standard LaTeX file (size option)
)
\c@part=\count275
\c@section=\count276
\c@subsection=\count277
\c@subsubsection=\count278
\c@paragraph=\count279
\c@subparagraph=\count280
\c@figure=\count281
\c@table=\count282
\abovecaptionskip=\skip49
\belowcaptionskip=\skip50
\bibindent=\dimen148
)
(c:/texlive/2025/texmf-dist/tex/generic/babel/babel.sty
Package: babel 2025/08/03 v25.12 The multilingual framework for LuaLaTeX, pdfLa
TeX and XeLaTeX
\babel@savecnt=\count283
LaTeX Encoding Info:    Redeclaring text command \ij (encoding OT1) on input li
ne 2045.
LaTeX Encoding Info:    Redeclaring text command \IJ (encoding OT1) on input li
ne 2047.
LaTeX Encoding Info:    Redeclaring text command \ij (encoding T1) on input lin
e 2049.
LaTeX Encoding Info:    Redeclaring text command \IJ (encoding T1) on input lin
e 2050.
LaTeX Encoding Info:    Ignoring declaration for text command \ij (encoding ?) 
on input line 2051.
LaTeX Encoding Info:    Ignoring declaration for text command \IJ (encoding ?) 
on input line 2053.
LaTeX Encoding Info:    Ignoring declaration for text command \SS (encoding ?) 
on input line 2078.
\U@D=\dimen149
\l@unhyphenated=\language90

(c:/texlive/2025/texmf-dist/tex/generic/babel/txtbabel.def)
\bbl@readstream=\read2
\bbl@dirlevel=\count284

(c:/texlive/2025/texmf-dist/tex/generic/babel-spanish/spanish.ldf
Language: spanish.ldf 2021/05/27 v5.0q Spanish support from the babel system

(c:/texlive/2025/texmf-dist/tex/generic/babel/locale/es/babel-spanish.tex
Package babel Info: Importing font and identification data for spanish
(babel)             from babel-es.ini. Reported on input line 12.
)
\es@quottoks=\toks17
\es@quotdepth=\count285
Package babel Info: Making " an active character on input line 570.
Package babel Info: Making . an active character on input line 675.
Package babel Info: Making < an active character on input line 722.
Package babel Info: Making > an active character on input line 722.
))
LaTeX Encoding Info:    Redeclaring text command \guillemotleft (encoding OT1) 
on input line 3.
LaTeX Encoding Info:    Redeclaring text command \guillemotright (encoding OT1)
 on input line 3.

(c:/texlive/2025/texmf-dist/tex/latex/base/inputenc.sty
Package: inputenc 2024/02/08 v1.3d Input encoding file
\inpenc@prehook=\toks18
\inpenc@posthook=\toks19
)
(c:/texlive/2025/texmf-dist/tex/latex/base/fontenc.sty
Package: fontenc 2024/12/21 v2.1c Standard LaTeX package
)
(c:/texlive/2025/texmf-dist/tex/latex/geometry/geometry.sty
Package: geometry 2020/01/02 v5.9 Page Geometry

(c:/texlive/2025/texmf-dist/tex/latex/graphics/keyval.sty
Package: keyval 2022/05/29 v1.15 key=value parser (DPC)
\KV@toks@=\toks20
)
(c:/texlive/2025/texmf-dist/tex/generic/iftex/ifvtex.sty
Package: ifvtex 2019/10/25 v1.7 ifvtex legacy package. Use iftex instead.

(c:/texlive/2025/texmf-dist/tex/generic/iftex/iftex.sty
Package: iftex 2024/12/12 v1.0g TeX engine tests
))
\Gm@cnth=\count286
\Gm@cntv=\count287
\c@Gm@tempcnt=\count288
\Gm@bindingoffset=\dimen150
\Gm@wd@mp=\dimen151
\Gm@odd@mp=\dimen152
\Gm@even@mp=\dimen153
\Gm@layoutwidth=\dimen154
\Gm@layoutheight=\dimen155
\Gm@layouthoffset=\dimen156
\Gm@layoutvoffset=\dimen157
\Gm@dimlist=\toks21
)
(c:/texlive/2025/texmf-dist/tex/latex/setspace/setspace.sty
Package: setspace 2022/12/04 v6.7b set line spacing
)
(c:/texlive/2025/texmf-dist/tex/latex/titling/titling.sty
Package: titling 2009/09/04 v2.1d maketitle typesetting
\thanksmarkwidth=\skip51
\thanksmargin=\skip52
\droptitle=\skip53
)
(c:/texlive/2025/texmf-dist/tex/latex/parskip/parskip.sty
Package: parskip 2021-03-14 v2.0h non-zero parskip adjustments

(c:/texlive/2025/texmf-dist/tex/latex/kvoptions/kvoptions.sty
Package: kvoptions 2022-06-15 v3.15 Key value format for package options (HO)

(c:/texlive/2025/texmf-dist/tex/generic/ltxcmds/ltxcmds.sty
Package: ltxcmds 2023-12-04 v1.26 LaTeX kernel commands for general use (HO)
)
(c:/texlive/2025/texmf-dist/tex/latex/kvsetkeys/kvsetkeys.sty
Package: kvsetkeys 2022-10-05 v1.19 Key value parser (HO)
))
(c:/texlive/2025/texmf-dist/tex/latex/etoolbox/etoolbox.sty
Package: etoolbox 2025/02/11 v2.5l e-TeX tools for LaTeX (JAW)
\etb@tempcnta=\count289
))
(c:/texlive/2025/texmf-dist/tex/latex/fancyhdr/fancyhdr.sty
Package: fancyhdr 2025/02/07 v5.2 Extensive control of page headers and footers

\f@nch@headwidth=\skip54
\f@nch@offset@elh=\skip55
\f@nch@offset@erh=\skip56
\f@nch@offset@olh=\skip57
\f@nch@offset@orh=\skip58
\f@nch@offset@elf=\skip59
\f@nch@offset@erf=\skip60
\f@nch@offset@olf=\skip61
\f@nch@offset@orf=\skip62
\f@nch@height=\skip63
\f@nch@footalignment=\skip64
\f@nch@widthL=\skip65
\f@nch@widthC=\skip66
\f@nch@widthR=\skip67
\@temptokenb=\toks22
)
(c:/texlive/2025/texmf-dist/tex/latex/graphics/graphicx.sty
Package: graphicx 2024/12/31 v1.2e Enhanced LaTeX Graphics (DPC,SPQR)

(c:/texlive/2025/texmf-dist/tex/latex/graphics/graphics.sty
Package: graphics 2024/08/06 v1.4g Standard LaTeX Graphics (DPC,SPQR)

(c:/texlive/2025/texmf-dist/tex/latex/graphics/trig.sty
Package: trig 2023/12/02 v1.11 sin cos tan (DPC)
)
(c:/texlive/2025/texmf-dist/tex/latex/graphics-cfg/graphics.cfg
File: graphics.cfg 2016/06/04 v1.11 sample graphics configuration
)
Package graphics Info: Driver file: pdftex.def on input line 106.

(c:/texlive/2025/texmf-dist/tex/latex/graphics-def/pdftex.def
File: pdftex.def 2024/04/13 v1.2c Graphics/color driver for pdftex
))
\Gin@req@height=\dimen158
\Gin@req@width=\dimen159
)
(c:/texlive/2025/texmf-dist/tex/latex/tools/multicol.sty
Package: multicol 2025/05/25 v2.0a multicolumn formatting (FMi)
\c@tracingmulticols=\count290
\mult@box=\box53
\multicol@leftmargin=\dimen160
\c@unbalance=\count291
\c@collectmore=\count292
\doublecol@number=\count293
\multicoltolerance=\count294
\multicolpretolerance=\count295
\full@width=\dimen161
\page@free=\dimen162
\premulticols=\dimen163
\postmulticols=\dimen164
\multicolsep=\skip68
\multicolbaselineskip=\skip69
\partial@page=\box54
\last@line=\box55
\mc@boxedresult=\box56
\maxbalancingoverflow=\dimen165
\mult@rightbox=\box57
\mult@grightbox=\box58
\mult@firstbox=\box59
\mult@gfirstbox=\box60
\@tempa=\box61
\@tempa=\box62
\@tempa=\box63
\@tempa=\box64
\@tempa=\box65
\@tempa=\box66
\@tempa=\box67
\@tempa=\box68
\@tempa=\box69
\@tempa=\box70
\@tempa=\box71
\@tempa=\box72
\@tempa=\box73
\@tempa=\box74
\@tempa=\box75
\@tempa=\box76
\@tempa=\box77
\@tempa=\box78
\@tempa=\box79
\@tempa=\box80
\@tempa=\box81
\@tempa=\box82
\@tempa=\box83
\@tempa=\box84
\@tempa=\box85
\@tempa=\box86
\@tempa=\box87
\@tempa=\box88
\@tempa=\box89
\@tempa=\box90
\@tempa=\box91
\@tempa=\box92
\@tempa=\box93
\@tempa=\box94
\@tempa=\box95
\@tempa=\box96
\c@minrows=\count296
\c@columnbadness=\count297
\c@finalcolumnbadness=\count298
\last@try=\dimen166
\multicolovershoot=\dimen167
\multicolundershoot=\dimen168
\mult@nat@firstbox=\box97
\colbreak@box=\box98
\mc@col@check@num=\count299
\g__mc_curr_col_int=\count300
)
(c:/texlive/2025/texmf-dist/tex/latex/booktabs/booktabs.sty
Package: booktabs 2020/01/12 v1.61803398 Publication quality tables
\heavyrulewidth=\dimen169
\lightrulewidth=\dimen170
\cmidrulewidth=\dimen171
\belowrulesep=\dimen172
\belowbottomsep=\dimen173
\aboverulesep=\dimen174
\abovetopsep=\dimen175
\cmidrulesep=\dimen176
\cmidrulekern=\dimen177
\defaultaddspace=\dimen178
\@cmidla=\count301
\@cmidlb=\count302
\@aboverulesep=\dimen179
\@belowrulesep=\dimen180
\@thisruleclass=\count303
\@lastruleclass=\count304
\@thisrulewidth=\dimen181
)
(c:/texlive/2025/texmf-dist/tex/latex/tools/array.sty
Package: array 2025/06/08 v2.6j Tabular extension package (FMi)
\col@sep=\dimen182
\ar@mcellbox=\box99
\extrarowheight=\dimen183
\NC@list=\toks23
\extratabsurround=\skip70
\backup@length=\skip71
\ar@cellbox=\box100
)
(c:/texlive/2025/texmf-dist/tex/latex/psnfss/courier.sty
Package: courier 2020/03/25 PSNFSS-v9.3 (WaS) 
)
(c:/texlive/2025/texmf-dist/tex/latex/hyperref/hyperref.sty
Package: hyperref 2025-07-12 v7.01o Hypertext links for LaTeX

(c:/texlive/2025/texmf-dist/tex/generic/kvdefinekeys/kvdefinekeys.sty
Package: kvdefinekeys 2019-12-19 v1.6 Define keys (HO)
)
(c:/texlive/2025/texmf-dist/tex/generic/pdfescape/pdfescape.sty
Package: pdfescape 2019/12/09 v1.15 Implements pdfTeX's escape features (HO)

(c:/texlive/2025/texmf-dist/tex/generic/pdftexcmds/pdftexcmds.sty
Package: pdftexcmds 2020-06-27 v0.33 Utility functions of pdfTeX for LuaTeX (HO
)

(c:/texlive/2025/texmf-dist/tex/generic/infwarerr/infwarerr.sty
Package: infwarerr 2019/12/03 v1.5 Providing info/warning/error messages (HO)
)
Package pdftexcmds Info: \pdf@primitive is available.
Package pdftexcmds Info: \pdf@ifprimitive is available.
Package pdftexcmds Info: \pdfdraftmode found.
))
(c:/texlive/2025/texmf-dist/tex/latex/hycolor/hycolor.sty
Package: hycolor 2020-01-27 v1.10 Color options for hyperref/bookmark (HO)
)
(c:/texlive/2025/texmf-dist/tex/latex/hyperref/nameref.sty
Package: nameref 2025-06-21 v2.57 Cross-referencing by name of section

(c:/texlive/2025/texmf-dist/tex/latex/refcount/refcount.sty
Package: refcount 2019/12/15 v3.6 Data extraction from label references (HO)
)
(c:/texlive/2025/texmf-dist/tex/generic/gettitlestring/gettitlestring.sty
Package: gettitlestring 2019/12/15 v1.6 Cleanup title references (HO)
)
\c@section@level=\count305
)
(c:/texlive/2025/texmf-dist/tex/generic/stringenc/stringenc.sty
Package: stringenc 2019/11/29 v1.12 Convert strings between diff. encodings (HO
)
)
\@linkdim=\dimen184
\Hy@linkcounter=\count306
\Hy@pagecounter=\count307

(c:/texlive/2025/texmf-dist/tex/latex/hyperref/pd1enc.def
File: pd1enc.def 2025-07-12 v7.01o Hyperref: PDFDocEncoding definition (HO)
Now handling font encoding PD1 ...
... no UTF-8 mapping file for font encoding PD1
)
(c:/texlive/2025/texmf-dist/tex/generic/intcalc/intcalc.sty
Package: intcalc 2019/12/15 v1.3 Expandable calculations with integers (HO)
)
\Hy@SavedSpaceFactor=\count308

(c:/texlive/2025/texmf-dist/tex/latex/hyperref/puenc.def
File: puenc.def 2025-07-12 v7.01o Hyperref: PDF Unicode definition (HO)
Now handling font encoding PU ...
... no UTF-8 mapping file for font encoding PU
)
Package hyperref Info: Hyper figures OFF on input line 4195.
Package hyperref Info: Link nesting OFF on input line 4200.
Package hyperref Info: Hyper index ON on input line 4203.
Package hyperref Info: Plain pages OFF on input line 4210.
Package hyperref Info: Backreferencing OFF on input line 4215.
Package hyperref Info: Implicit mode ON; LaTeX internals redefined.
Package hyperref Info: Bookmarks ON on input line 4462.
\c@Hy@tempcnt=\count309

(c:/texlive/2025/texmf-dist/tex/latex/url/url.sty
\Urlmuskip=\muskip17
Package: url 2013/09/16  ver 3.4  Verb mode for urls, etc.
)
LaTeX Info: Redefining \url on input line 4801.
\XeTeXLinkMargin=\dimen185

(c:/texlive/2025/texmf-dist/tex/generic/bitset/bitset.sty
Package: bitset 2019/12/09 v1.3 Handle bit-vector datatype (HO)

(c:/texlive/2025/texmf-dist/tex/generic/bigintcalc/bigintcalc.sty
Package: bigintcalc 2019/12/15 v1.5 Expandable calculations on big integers (HO
)
))
\Fld@menulength=\count310
\Field@Width=\dimen186
\Fld@charsize=\dimen187
Package hyperref Info: Hyper figures OFF on input line 6078.
Package hyperref Info: Link nesting OFF on input line 6083.
Package hyperref Info: Hyper index ON on input line 6086.
Package hyperref Info: backreferencing OFF on input line 6093.
Package hyperref Info: Link coloring OFF on input line 6098.
Package hyperref Info: Link coloring with OCG OFF on input line 6103.
Package hyperref Info: PDF/A mode OFF on input line 6108.
\Hy@abspage=\count311
\c@Item=\count312
\c@Hfootnote=\count313
)
Package hyperref Info: Driver (autodetected): hpdftex.

(c:/texlive/2025/texmf-dist/tex/latex/hyperref/hpdftex.def
File: hpdftex.def 2025-07-12 v7.01o Hyperref driver for pdfTeX
\Fld@listcount=\count314
\c@bookmark@seq@number=\count315

(c:/texlive/2025/texmf-dist/tex/latex/rerunfilecheck/rerunfilecheck.sty
Package: rerunfilecheck 2025-06-21 v1.11 Rerun checks for auxiliary files (HO)

(c:/texlive/2025/texmf-dist/tex/generic/uniquecounter/uniquecounter.sty
Package: uniquecounter 2019/12/15 v1.4 Provide unlimited unique counter (HO)
)
Package uniquecounter Info: New unique counter `rerunfilecheck' on input line 2
84.
)
\Hy@SectionHShift=\skip72
)
(c:/texlive/2025/texmf-dist/tex/latex/amsmath/amsmath.sty
Package: amsmath 2025/06/16 v2.17y AMS math features
\@mathmargin=\skip73

For additional information on amsmath, use the `?' option.
(c:/texlive/2025/texmf-dist/tex/latex/amsmath/amstext.sty
Package: amstext 2024/11/17 v2.01 AMS text

(c:/texlive/2025/texmf-dist/tex/latex/amsmath/amsgen.sty
File: amsgen.sty 1999/11/30 v2.0 generic functions
\@emptytoks=\toks24
\ex@=\dimen188
))
(c:/texlive/2025/texmf-dist/tex/latex/amsmath/amsbsy.sty
Package: amsbsy 1999/11/29 v1.2d Bold Symbols
\pmbraise@=\dimen189
)
(c:/texlive/2025/texmf-dist/tex/latex/amsmath/amsopn.sty
Package: amsopn 2022/04/08 v2.04 operator names
)
\inf@bad=\count316
LaTeX Info: Redefining \frac on input line 233.
\uproot@=\count317
\leftroot@=\count318
LaTeX Info: Redefining \overline on input line 398.
LaTeX Info: Redefining \colon on input line 409.
\classnum@=\count319
\DOTSCASE@=\count320
LaTeX Info: Redefining \ldots on input line 495.
LaTeX Info: Redefining \dots on input line 498.
LaTeX Info: Redefining \cdots on input line 619.
\Mathstrutbox@=\box101
\strutbox@=\box102
LaTeX Info: Redefining \big on input line 721.
LaTeX Info: Redefining \Big on input line 722.
LaTeX Info: Redefining \bigg on input line 723.
LaTeX Info: Redefining \Bigg on input line 724.
\big@size=\dimen190
LaTeX Font Info:    Redeclaring font encoding OML on input line 742.
LaTeX Font Info:    Redeclaring font encoding OMS on input line 743.
\macc@depth=\count321
LaTeX Info: Redefining \bmod on input line 904.
LaTeX Info: Redefining \pmod on input line 909.
LaTeX Info: Redefining \smash on input line 939.
LaTeX Info: Redefining \relbar on input line 969.
LaTeX Info: Redefining \Relbar on input line 970.
\c@MaxMatrixCols=\count322
\dotsspace@=\muskip18
\c@parentequation=\count323
\dspbrk@lvl=\count324
\tag@help=\toks25
\row@=\count325
\column@=\count326
\maxfields@=\count327
\andhelp@=\toks26
\eqnshift@=\dimen191
\alignsep@=\dimen192
\tagshift@=\dimen193
\tagwidth@=\dimen194
\totwidth@=\dimen195
\lineht@=\dimen196
\@envbody=\toks27
\multlinegap=\skip74
\multlinetaggap=\skip75
\mathdisplay@stack=\toks28
LaTeX Info: Redefining \[ on input line 2949.
LaTeX Info: Redefining \] on input line 2950.
)
(c:/texlive/2025/texmf-dist/tex/latex/l3backend/l3backend-pdftex.def
File: l3backend-pdftex.def 2025-06-09 L3 backend support: PDF output (pdfTeX)
\l__color_backend_stack_int=\count328
)
(./document.aux
LaTeX Info: Redefining \. on input line 11.
LaTeX Info: Redefining \% on input line 11.
Package babel Info: 'spanish' activates 'spanish' shorthands.
(babel)             Reported on input line 11.
)
\openout1 = `document.aux'.

LaTeX Font Info:    Checking defaults for OML/cmm/m/it on input line 42.
LaTeX Font Info:    ... okay on input line 42.
LaTeX Font Info:    Checking defaults for OMS/cmsy/m/n on input line 42.
LaTeX Font Info:    ... okay on input line 42.
LaTeX Font Info:    Checking defaults for OT1/cmr/m/n on input line 42.
LaTeX Font Info:    ... okay on input line 42.
LaTeX Font Info:    Checking defaults for T1/cmr/m/n on input line 42.
LaTeX Font Info:    ... okay on input line 42.
LaTeX Font Info:    Checking defaults for TS1/cmr/m/n on input line 42.
LaTeX Font Info:    ... okay on input line 42.
LaTeX Font Info:    Checking defaults for OMX/cmex/m/n on input line 42.
LaTeX Font Info:    ... okay on input line 42.
LaTeX Font Info:    Checking defaults for U/cmr/m/n on input line 42.
LaTeX Font Info:    ... okay on input line 42.
LaTeX Font Info:    Checking defaults for PD1/pdf/m/n on input line 42.
LaTeX Font Info:    ... okay on input line 42.
LaTeX Font Info:    Checking defaults for PU/pdf/m/n on input line 42.
LaTeX Font Info:    ... okay on input line 42.
LaTeX Info: Redefining \. on input line 42.
LaTeX Info: Redefining \% on input line 42.

*geometry* driver: auto-detecting
*geometry* detected driver: pdftex
*geometry* verbose mode - [ preamble ] result:
* driver: pdftex
* paper: a4paper
* layout: <same size as paper>
* layoutoffset:(h,v)=(0.0pt,0.0pt)
* modes: 
* h-part:(L,W,R)=(65.44142pt, 466.62503pt, 65.44142pt)
* v-part:(T,H,B)=(65.44142pt, 714.164pt, 65.44142pt)
* \paperwidth=597.50787pt
* \paperheight=845.04684pt
* \textwidth=466.62503pt
* \textheight=714.164pt
* \oddsidemargin=-6.82857pt
* \evensidemargin=-6.82857pt
* \topmargin=-43.82857pt
* \headheight=12.0pt
* \headsep=25.0pt
* \topskip=12.0pt
* \footskip=30.0pt
* \marginparwidth=35.0pt
* \marginparsep=10.0pt
* \columnsep=10.0pt
* \skip\footins=10.8pt plus 4.0pt minus 2.0pt
* \hoffset=0.0pt
* \voffset=0.0pt
* \mag=1000
* \@twocolumnfalse
* \@twosidefalse
* \@mparswitchfalse
* \@reversemarginfalse
* (1in=72.27pt=25.4mm, 1cm=28.453pt)

(c:/texlive/2025/texmf-dist/tex/context/base/mkii/supp-pdf.mkii
[Loading MPS to PDF converter (version 2006.09.02).]
\scratchcounter=\count329
\scratchdimen=\dimen197
\scratchbox=\box103
\nofMPsegments=\count330
\nofMParguments=\count331
\everyMPshowfont=\toks29
\MPscratchCnt=\count332
\MPscratchDim=\dimen198
\MPnumerator=\count333
\makeMPintoPDFobject=\count334
\everyMPtoPDFconversion=\toks30
) (c:/texlive/2025/texmf-dist/tex/latex/epstopdf-pkg/epstopdf-base.sty
Package: epstopdf-base 2020-01-24 v2.11 Base part for package epstopdf

(c:/texlive/2025/texmf-dist/tex/latex/grfext/grfext.sty
Package: grfext 2019/12/03 v1.3 Manage graphics extensions (HO)
)
Package epstopdf-base Info: Redefining graphics rule for `.eps' on input line 4
85.
Package grfext Info: Graphics extension search list:
(grfext)             [.pdf,.png,.jpg,.mps,.jpeg,.jbig2,.jb2,.PDF,.PNG,.JPG,.JPE
G,.JBIG2,.JB2,.eps]
(grfext)             \AppendGraphicsExtensions on input line 504.

(c:/texlive/2025/texmf-dist/tex/latex/latexconfig/epstopdf-sys.cfg
File: epstopdf-sys.cfg 2010/07/13 v1.3 Configuration of (r)epstopdf for TeX Liv
e
))
Package hyperref Info: Link coloring OFF on input line 42.

(./document.out) (./document.out)
\@outlinefile=\write3
\openout3 = `document.out'.



[1

{c:/texlive/2025/texmf-var/fonts/map/pdftex/updmap/pdftex.map}{c:/texlive/2025/
texmf-dist/fonts/enc/dvips/cm-super/cm-super-t1.enc}]
Underfull \hbox (badness 10000) in paragraph at lines 96--97

 []




Package fancyhdr Warning: \headheight is too small (12.0pt): 
(fancyhdr)                Make it at least 14.49998pt, for example:
(fancyhdr)                \setlength{\headheight}{14.49998pt}.
(fancyhdr)                You might also make \topmargin smaller:
(fancyhdr)                \addtolength{\topmargin}{-2.49998pt}.

[2]
LaTeX Font Info:    Trying to load font information for T1+pcr on input line 11
4.
 (c:/texlive/2025/texmf-dist/tex/latex/psnfss/t1pcr.fd
File: t1pcr.fd 2001/06/04 font definitions for T1/pcr.
)










Package fancyhdr Warning: \headheight is too small (12.0pt): 
(fancyhdr)                Make it at least 14.49998pt, for example:
(fancyhdr)                \setlength{\headheight}{14.49998pt}.
(fancyhdr)                You might also make \topmargin smaller:
(fancyhdr)                \addtolength{\topmargin}{-2.49998pt}.

[3{c:/texlive/2025/texmf-dist/fonts/enc/dvips/base/8r.enc}]
Underfull \hbox (badness 5091) in paragraph at lines 358--359
\T1/cmr/bx/n/12 Palabras más fre-cuen-tes cer-ca de
 []








Package fancyhdr Warning: \headheight is too small (12.0pt): 
(fancyhdr)                Make it at least 14.49998pt, for example:
(fancyhdr)                \setlength{\headheight}{14.49998pt}.
(fancyhdr)                You might also make \topmargin smaller:
(fancyhdr)                \addtolength{\topmargin}{-2.49998pt}.

[4]








Package fancyhdr Warning: \headheight is too small (12.0pt): 
(fancyhdr)                Make it at least 14.49998pt, for example:
(fancyhdr)                \setlength{\headheight}{14.49998pt}.
(fancyhdr)                You might also make \topmargin smaller:
(fancyhdr)                \addtolength{\topmargin}{-2.49998pt}.

[5]










Package fancyhdr Warning: \headheight is too small (12.0pt): 
(fancyhdr)                Make it at least 14.49998pt, for example:
(fancyhdr)                \setlength{\headheight}{14.49998pt}.
(fancyhdr)                You might also make \topmargin smaller:
(fancyhdr)                \addtolength{\topmargin}{-2.49998pt}.

[6]






Package fancyhdr Warning: \headheight is too small (12.0pt): 
(fancyhdr)                Make it at least 14.49998pt, for example:
(fancyhdr)                \setlength{\headheight}{14.49998pt}.
(fancyhdr)                You might also make \topmargin smaller:
(fancyhdr)                \addtolength{\topmargin}{-2.49998pt}.

[7]
Underfull \hbox (badness 5091) in paragraph at lines 700--701
\T1/cmr/bx/n/12 Palabras más fre-cuen-tes cer-ca de
 []








Package fancyhdr Warning: \headheight is too small (12.0pt): 
(fancyhdr)                Make it at least 14.49998pt, for example:
(fancyhdr)                \setlength{\headheight}{14.49998pt}.
(fancyhdr)                You might also make \topmargin smaller:
(fancyhdr)                \addtolength{\topmargin}{-2.49998pt}.

[8]
Underfull \hbox (badness 5091) in paragraph at lines 799--800
\T1/cmr/bx/n/12 Palabras más fre-cuen-tes cer-ca de
 []


Underfull \hbox (badness 5091) in paragraph at lines 835--836
\T1/cmr/bx/n/12 Palabras más fre-cuen-tes cer-ca de
 []








Package fancyhdr Warning: \headheight is too small (12.0pt): 
(fancyhdr)                Make it at least 14.49998pt, for example:
(fancyhdr)                \setlength{\headheight}{14.49998pt}.
(fancyhdr)                You might also make \topmargin smaller:
(fancyhdr)                \addtolength{\topmargin}{-2.49998pt}.

[9]








Package fancyhdr Warning: \headheight is too small (12.0pt): 
(fancyhdr)                Make it at least 14.49998pt, for example:
(fancyhdr)                \setlength{\headheight}{14.49998pt}.
(fancyhdr)                You might also make \topmargin smaller:
(fancyhdr)                \addtolength{\topmargin}{-2.49998pt}.

[10]
Underfull \hbox (badness 5091) in paragraph at lines 915--916
\T1/cmr/bx/n/12 Palabras más fre-cuen-tes cer-ca de
 []


Underfull \hbox (badness 5091) in paragraph at lines 924--925
\T1/cmr/bx/n/12 Palabras más fre-cuen-tes cer-ca de
 []


Underfull \hbox (badness 5091) in paragraph at lines 942--943
\T1/cmr/bx/n/12 Palabras más fre-cuen-tes cer-ca de
 []


Underfull \hbox (badness 5091) in paragraph at lines 960--961
\T1/cmr/bx/n/12 Palabras más fre-cuen-tes cer-ca de
 []


Underfull \hbox (badness 5091) in paragraph at lines 969--970
\T1/cmr/bx/n/12 Palabras más fre-cuen-tes cer-ca de
 []










Package fancyhdr Warning: \headheight is too small (12.0pt): 
(fancyhdr)                Make it at least 14.49998pt, for example:
(fancyhdr)                \setlength{\headheight}{14.49998pt}.
(fancyhdr)                You might also make \topmargin smaller:
(fancyhdr)                \addtolength{\topmargin}{-2.49998pt}.

[11]
Overfull \hbox (7.125pt too wide) in paragraph at lines 1122--1122
[]   \T1/pcr/m/n/10 .</w>              4209[] 
 []


Overfull \hbox (7.125pt too wide) in paragraph at lines 1122--1122
[]   \T1/pcr/m/n/10 ,</w>              3738[] 
 []


Overfull \hbox (7.125pt too wide) in paragraph at lines 1122--1122
[]   \T1/pcr/m/n/10 el</w>             1077[] 
 []


Overfull \hbox (7.125pt too wide) in paragraph at lines 1122--1122
[]   \T1/pcr/m/n/10 de</w>              999[] 
 []


Overfull \hbox (7.125pt too wide) in paragraph at lines 1122--1122
[]   \T1/pcr/m/n/10 a</w>               857[] 
 []


Overfull \hbox (7.125pt too wide) in paragraph at lines 1122--1122
[]   \T1/pcr/m/n/10 la</w>              738[] 
 []


Overfull \hbox (7.125pt too wide) in paragraph at lines 1122--1122
[]   \T1/pcr/m/n/10 y</w>               651[] 
 []


Overfull \hbox (7.125pt too wide) in paragraph at lines 1122--1122
[]   \T1/pcr/m/n/10 que</w>             642[] 
 []


Overfull \hbox (7.125pt too wide) in paragraph at lines 1122--1122
[]   \T1/pcr/m/n/10 en</w>              587[] 
 []


Overfull \hbox (7.125pt too wide) in paragraph at lines 1122--1122
[]   \T1/pcr/m/n/10 un</w>              388[] 
 []


Overfull \hbox (7.125pt too wide) in paragraph at lines 1122--1122
[]   \T1/pcr/m/n/10 no</w>              385[] 
 []


Overfull \hbox (7.125pt too wide) in paragraph at lines 1122--1122
[]   \T1/pcr/m/n/10 se</w>              354[] 
 []


Overfull \hbox (7.125pt too wide) in paragraph at lines 1122--1122
[]   \T1/pcr/m/n/10 oliveira</w>        266[] 
 []


Overfull \hbox (7.125pt too wide) in paragraph at lines 1122--1122
[]   \T1/pcr/m/n/10 del</w>             252[] 
 []


Overfull \hbox (7.125pt too wide) in paragraph at lines 1122--1122
[]   \T1/pcr/m/n/10 lo</w>              196[] 
 []


Overfull \hbox (7.125pt too wide) in paragraph at lines 1122--1122
[]   \T1/pcr/m/n/10 dijo</w>            123[] 
 []


Overfull \hbox (7.125pt too wide) in paragraph at lines 1122--1122
[]   \T1/pcr/m/n/10 por</w>              73[] 
 []


Overfull \hbox (7.125pt too wide) in paragraph at lines 1122--1122
[]   \T1/pcr/m/n/10 como</w>             66[] 
 []


Overfull \hbox (7.125pt too wide) in paragraph at lines 1122--1122
[]   \T1/pcr/m/n/10 una</w>              48[] 
 []


Overfull \hbox (7.125pt too wide) in paragraph at lines 1122--1122
[]   \T1/pcr/m/n/10 los</w>              42[] 
 []


Overfull \hbox (7.125pt too wide) in paragraph at lines 1122--1122
[]   \T1/pcr/m/n/10 me</w>               31[] 
 []


Overfull \hbox (7.125pt too wide) in paragraph at lines 1122--1122
[]   \T1/pcr/m/n/10 ?</w>                28[] 
 []


Overfull \hbox (7.125pt too wide) in paragraph at lines 1122--1122
[]   \T1/pcr/m/n/10 con</w>              24[] 
 []


Overfull \hbox (7.125pt too wide) in paragraph at lines 1122--1122
[]   \T1/pcr/m/n/10 le</w>               16[] 
 []


Overfull \hbox (7.125pt too wide) in paragraph at lines 1122--1122
[]   \T1/pcr/m/n/10 te</w>               14[] 
 []


Overfull \hbox (7.125pt too wide) in paragraph at lines 1122--1122
[]   \T1/pcr/m/n/10 era</w>              13[] 
 []


Overfull \hbox (7.125pt too wide) in paragraph at lines 1122--1122
[]   \T1/pcr/m/n/10 es</w>               12[] 
 []


Overfull \hbox (7.125pt too wide) in paragraph at lines 1122--1122
[]   \T1/pcr/m/n/10 las</w>               9[] 
 []


Overfull \hbox (7.125pt too wide) in paragraph at lines 1122--1122
[]   \T1/pcr/m/n/10 traveler</w>          9[] 
 []


Overfull \hbox (7.125pt too wide) in paragraph at lines 1122--1122
[]   \T1/pcr/m/n/10 yo</w>                9[] 
 []


Overfull \hbox (7.125pt too wide) in paragraph at lines 1122--1122
[]   \T1/pcr/m/n/10 horacio</w>           8[] 
 []


Overfull \hbox (7.125pt too wide) in paragraph at lines 1122--1122
[]   \T1/pcr/m/n/10 así</w>               6[] 
 []


Overfull \hbox (7.125pt too wide) in paragraph at lines 1122--1122
[]   \T1/pcr/m/n/10 todo</w>              6[] 
 []


Overfull \hbox (7.125pt too wide) in paragraph at lines 1122--1122
[]   \T1/pcr/m/n/10 tu</w>                6[] 
 []


Overfull \hbox (7.125pt too wide) in paragraph at lines 1122--1122
[]   \T1/pcr/m/n/10 hasta</w>             5[] 
 []


Overfull \hbox (7.125pt too wide) in paragraph at lines 1122--1122
[]   \T1/pcr/m/n/10 eso</w>               5[] 
 []


Overfull \hbox (7.125pt too wide) in paragraph at lines 1122--1122
[]   \T1/pcr/m/n/10 vos</w>               4[] 
 []


Overfull \hbox (7.125pt too wide) in paragraph at lines 1122--1122
[]   \T1/pcr/m/n/10 ella</w>              4[] 
 []


Overfull \hbox (7.125pt too wide) in paragraph at lines 1122--1122
[]   \T1/pcr/m/n/10 sí</w>                4[] 
 []


Overfull \hbox (7.125pt too wide) in paragraph at lines 1122--1122
[]   \T1/pcr/m/n/10 ronald</w>            4[] 
 []


Overfull \hbox (7.125pt too wide) in paragraph at lines 1122--1122
[]   \T1/pcr/m/n/10 al</w>                4[] 
 []


Overfull \hbox (7.125pt too wide) in paragraph at lines 1122--1122
[]   \T1/pcr/m/n/10 o</w>                 4[] 
 []


Overfull \hbox (7.125pt too wide) in paragraph at lines 1122--1122
[]   \T1/pcr/m/n/10 gekrepten</w>         4[] 
 []


Overfull \hbox (7.125pt too wide) in paragraph at lines 1122--1122
[]   \T1/pcr/m/n/10 os</w>                3[] 
 []


Overfull \hbox (7.125pt too wide) in paragraph at lines 1122--1122
[]   \T1/pcr/m/n/10 después</w>           3[] 
 []


Overfull \hbox (7.125pt too wide) in paragraph at lines 1122--1122
[]   \T1/pcr/m/n/10 pero</w>              3[] 
 []


Overfull \hbox (7.125pt too wide) in paragraph at lines 1122--1122
[]   \T1/pcr/m/n/10 más</w>               3[] 
 []


Overfull \hbox (7.125pt too wide) in paragraph at lines 1122--1122
[]   \T1/pcr/m/n/10 algo</w>              3[] 
 []


Overfull \hbox (7.125pt too wide) in paragraph at lines 1122--1122
[]   \T1/pcr/m/n/10 está</w>              3[] 
 []


Overfull \hbox (7.125pt too wide) in paragraph at lines 1122--1122
[]   \T1/pcr/m/n/10 había</w>             3[] 
 []


Overfull \hbox (7.125pt too wide) in paragraph at lines 1122--1122
[]   \T1/pcr/m/n/10 les</w>               3[] 
 []


Overfull \hbox (7.125pt too wide) in paragraph at lines 1122--1122
[]   \T1/pcr/m/n/10 gregorovius</w>       3[] 
 []


Overfull \hbox (7.125pt too wide) in paragraph at lines 1122--1122
[]   \T1/pcr/m/n/10 maga</w>              2[] 
 []


Overfull \hbox (7.125pt too wide) in paragraph at lines 1122--1122
[]   \T1/pcr/m/n/10 babs</w>              2[] 
 []


Overfull \hbox (7.125pt too wide) in paragraph at lines 1122--1122
[]   \T1/pcr/m/n/10 ese</w>               2[] 
 []


Overfull \hbox (7.125pt too wide) in paragraph at lines 1122--1122
[]   \T1/pcr/m/n/10 gran</w>              2[] 
 []


Overfull \hbox (7.125pt too wide) in paragraph at lines 1122--1122
[]   \T1/pcr/m/n/10 camas</w>             2[] 
 []


Overfull \hbox (7.125pt too wide) in paragraph at lines 1122--1122
[]   \T1/pcr/m/n/10 cuando</w>            2[] 
 []


Overfull \hbox (7.125pt too wide) in paragraph at lines 1122--1122
[]   \T1/pcr/m/n/10 noche</w>             2[] 
 []


Overfull \hbox (7.125pt too wide) in paragraph at lines 1122--1122
[]   \T1/pcr/m/n/10 amor</w>              2[] 
 []


Overfull \hbox (7.125pt too wide) in paragraph at lines 1122--1122
[]   \T1/pcr/m/n/10 qué</w>               2[] 
 []


Overfull \hbox (7.125pt too wide) in paragraph at lines 1122--1122
[]   \T1/pcr/m/n/10 cosas</w>             2[] 
 []


Overfull \hbox (7.125pt too wide) in paragraph at lines 1122--1122
[]   \T1/pcr/m/n/10 tiempo</w>            2[] 
 []


Overfull \hbox (7.125pt too wide) in paragraph at lines 1122--1122
[]   \T1/pcr/m/n/10 decía</w>             2[] 
 []


Overfull \hbox (7.125pt too wide) in paragraph at lines 1122--1122
[]   \T1/pcr/m/n/10 lucía</w>             1[] 
 []


Overfull \hbox (7.125pt too wide) in paragraph at lines 1122--1122
[]   \T1/pcr/m/n/10 yes</w>               1[] 
 []


Overfull \hbox (7.125pt too wide) in paragraph at lines 1122--1122
[]   \T1/pcr/m/n/10 re                    1[] 
 []


Overfull \hbox (7.125pt too wide) in paragraph at lines 1122--1122
[]   \T1/pcr/m/n/10 porque</w>            1[] 
 []


Overfull \hbox (7.125pt too wide) in paragraph at lines 1122--1122
[]   \T1/pcr/m/n/10 oh</w>                1[] 
 []


Overfull \hbox (7.125pt too wide) in paragraph at lines 1122--1122
[]   \T1/pcr/m/n/10 ya</w>                1[] 
 []


Overfull \hbox (7.125pt too wide) in paragraph at lines 1122--1122
[]   \T1/pcr/m/n/10 entonces</w>          1[] 
 []


Overfull \hbox (7.125pt too wide) in paragraph at lines 1122--1122
[]   \T1/pcr/m/n/10 estás</w>             1[] 
 []


Overfull \hbox (7.125pt too wide) in paragraph at lines 1122--1122
[]   \T1/pcr/m/n/10 ver                   1[] 
 []


Overfull \hbox (7.125pt too wide) in paragraph at lines 1122--1122
[]   \T1/pcr/m/n/10 sin</w>               1[] 
 []


Overfull \hbox (7.125pt too wide) in paragraph at lines 1122--1122
[]   \T1/pcr/m/n/10 esta</w>              1[] 
 []


Overfull \hbox (7.125pt too wide) in paragraph at lines 1122--1122
[]   \T1/pcr/m/n/10 siempre</w>           1[] 
 []


Overfull \hbox (7.125pt too wide) in paragraph at lines 1122--1122
[]   \T1/pcr/m/n/10 club</w>              1[] 
 []


Overfull \hbox (7.125pt too wide) in paragraph at lines 1122--1122
[]   \T1/pcr/m/n/10 sé</w>                1[] 
 []


Overfull \hbox (7.125pt too wide) in paragraph at lines 1122--1122
[]   \T1/pcr/m/n/10 just                  1[] 
 []


Overfull \hbox (7.125pt too wide) in paragraph at lines 1122--1122
[]   \T1/pcr/m/n/10 muy</w>               1[] 
 []


Overfull \hbox (7.125pt too wide) in paragraph at lines 1122--1122
[]   \T1/pcr/m/n/10 bajo</w>              1[] 
 []


Overfull \hbox (7.125pt too wide) in paragraph at lines 1122--1122
[]   \T1/pcr/m/n/10 enormemente</w>       1[] 
 []


Overfull \hbox (7.125pt too wide) in paragraph at lines 1122--1122
[]   \T1/pcr/m/n/10 ossip</w>             1[] 
 []


Overfull \hbox (7.125pt too wide) in paragraph at lines 1122--1122
[]   \T1/pcr/m/n/10 nos</w>               1[] 
 []


Overfull \hbox (7.125pt too wide) in paragraph at lines 1122--1122
[]   \T1/pcr/m/n/10 aba</w>               1[] 
 []


Overfull \hbox (7.125pt too wide) in paragraph at lines 1122--1122
[]   \T1/pcr/m/n/10 célestin</w>          1[] 
 []


Overfull \hbox (7.125pt too wide) in paragraph at lines 1122--1122
[]   \T1/pcr/m/n/10 podían</w>            1[] 
 []


Overfull \hbox (7.125pt too wide) in paragraph at lines 1122--1122
[]   \T1/pcr/m/n/10 tanto</w>             1[] 
 []


Overfull \hbox (7.125pt too wide) in paragraph at lines 1122--1122
[]   \T1/pcr/m/n/10 señora</w>            1[] 
 []


Overfull \hbox (7.125pt too wide) in paragraph at lines 1122--1122
[]   \T1/pcr/m/n/10 jo                    1[] 
 []


Overfull \hbox (7.125pt too wide) in paragraph at lines 1122--1122
[]   \T1/pcr/m/n/10 tarde</w>             1[] 
 []


Overfull \hbox (7.125pt too wide) in paragraph at lines 1122--1122
[]   \T1/pcr/m/n/10 cualquier</w>         1[] 
 []


Overfull \hbox (7.125pt too wide) in paragraph at lines 1122--1122
[]   \T1/pcr/m/n/10 frío</w>              1[] 
 []


Overfull \hbox (7.125pt too wide) in paragraph at lines 1122--1122
[]   \T1/pcr/m/n/10 mucho</w>             1[] 
 []


Overfull \hbox (7.125pt too wide) in paragraph at lines 1122--1122
[]   \T1/pcr/m/n/10 siquiera</w>          1[] 
 []


Overfull \hbox (7.125pt too wide) in paragraph at lines 1122--1122
[]   \T1/pcr/m/n/10 tablón</w>            1[] 
 []


Overfull \hbox (7.125pt too wide) in paragraph at lines 1122--1122
[]   \T1/pcr/m/n/10 su</w>                1[] 
 []


Overfull \hbox (7.125pt too wide) in paragraph at lines 1122--1122
[]   \T1/pcr/m/n/10 dice</w>              1[] 
 []


Overfull \hbox (7.125pt too wide) in paragraph at lines 1122--1122
[]   \T1/pcr/m/n/10 esperá</w>            1[] 
 []


Overfull \hbox (7.125pt too wide) in paragraph at lines 1122--1122
[]   \T1/pcr/m/n/10 ser</w>               1[] 
 []


Overfull \hbox (7.125pt too wide) in paragraph at lines 1122--1122
[]   \T1/pcr/m/n/10 claro</w>             1[] 
 []


Overfull \hbox (7.125pt too wide) in paragraph at lines 1122--1122
[]   \T1/pcr/m/n/10 cuenta</w>            1[] 
 []


Overfull \hbox (7.125pt too wide) in paragraph at lines 1122--1122
[]   \T1/pcr/m/n/10 kibbutz</w>           1[] 
 []


Overfull \hbox (7.125pt too wide) in paragraph at lines 1122--1122
[]   \T1/pcr/m/n/10 sopa</w>              1[] 
 []


Overfull \hbox (7.125pt too wide) in paragraph at lines 1122--1122
[]   \T1/pcr/m/n/10 bueno</w>             1[] 
 []


Overfull \hbox (7.125pt too wide) in paragraph at lines 1122--1122
[]   \T1/pcr/m/n/10 otro</w>              1[] 
 []


Overfull \hbox (7.125pt too wide) in paragraph at lines 1122--1122
[]   \T1/pcr/m/n/10 tan</w>               1[] 
 []


Overfull \hbox (7.125pt too wide) in paragraph at lines 1122--1122
[]   \T1/pcr/m/n/10 aunque</w>            1[] 
 []


Overfull \hbox (7.125pt too wide) in paragraph at lines 1122--1122
[]   \T1/pcr/m/n/10 e</w>                 1[] 
 []


Overfull \hbox (7.125pt too wide) in paragraph at lines 1122--1122
[]   \T1/pcr/m/n/10 ahí</w>               1[] 
 []


Overfull \hbox (7.125pt too wide) in paragraph at lines 1122--1122
[]   \T1/pcr/m/n/10 ventana</w>           1[] 
 []


Overfull \hbox (7.125pt too wide) in paragraph at lines 1122--1122
[]   \T1/pcr/m/n/10 dos</w>               1[] 
 []


Overfull \hbox (7.125pt too wide) in paragraph at lines 1122--1122
[]   \T1/pcr/m/n/10 eleg                  1[] 
 []


Overfull \hbox (7.125pt too wide) in paragraph at lines 1122--1122
[]   \T1/pcr/m/n/10 ke</w>                1[] 
 []


Overfull \hbox (7.125pt too wide) in paragraph at lines 1122--1122
[]   \T1/pcr/m/n/10 apenas</w>            1[] 
 []


Overfull \hbox (7.125pt too wide) in paragraph at lines 1122--1122
[]   \T1/pcr/m/n/10 hace</w>              1[] 
 []


Overfull \hbox (7.125pt too wide) in paragraph at lines 1122--1122
[]   \T1/pcr/m/n/10 malo</w>              1[] 
 []


Overfull \hbox (7.125pt too wide) in paragraph at lines 1122--1122
[]   \T1/pcr/m/n/10 pieza</w>             1[] 
 []


Overfull \hbox (7.125pt too wide) in paragraph at lines 1122--1122
[]   \T1/pcr/m/n/10 puerta</w>            1[] 
 []


Overfull \hbox (7.125pt too wide) in paragraph at lines 1122--1122
[]   \T1/pcr/m/n/10 cama<</w>             1[] 
 []


Overfull \hbox (7.125pt too wide) in paragraph at lines 1122--1122
[]   \T1/pcr/m/n/10 todavía</w>           1[] 
 []


Overfull \hbox (7.125pt too wide) in paragraph at lines 1122--1122
[]   \T1/pcr/m/n/10 i                     1[] 
 []


Overfull \hbox (7.125pt too wide) in paragraph at lines 1122--1122
[]   \T1/pcr/m/n/10 rojo</w>              1[] 
 []


Overfull \hbox (7.125pt too wide) in paragraph at lines 1122--1122
[]   \T1/pcr/m/n/10 amarillo</w>          1[] 
 []


Overfull \hbox (7.125pt too wide) in paragraph at lines 1122--1122
[]   \T1/pcr/m/n/10 horrible</w>          1[] 
 []


Overfull \hbox (7.125pt too wide) in paragraph at lines 1122--1122
[]   \T1/pcr/m/n/10 efectos/w>            1[] 
 []


Overfull \hbox (7.125pt too wide) in paragraph at lines 1122--1122
[]   \T1/pcr/m/n/10 estaba</w>            1[] 
 []


Overfull \hbox (7.125pt too wide) in paragraph at lines 1122--1122
[]   \T1/pcr/m/n/10 hacía</w>             1[] 
 []


Overfull \hbox (7.125pt too wide) in paragraph at lines 1122--1122
[]   \T1/pcr/m/n/10 ver</w>               1[] 
 []


Overfull \hbox (7.125pt too wide) in paragraph at lines 1122--1122
[]   \T1/pcr/m/n/10 ojos</w>              1[] 
 []


Overfull \hbox (7.125pt too wide) in paragraph at lines 1122--1122
[]   \T1/pcr/m/n/10 papeles</w>           1[] 
 []


Overfull \hbox (7.125pt too wide) in paragraph at lines 1122--1122
[]   \T1/pcr/m/n/10 entrada</w>           1[] 
 []


Overfull \hbox (7.125pt too wide) in paragraph at lines 1122--1122
[]   \T1/pcr/m/n/10 s                     1[] 
 []


Overfull \hbox (7.125pt too wide) in paragraph at lines 1122--1122
[]   \T1/pcr/m/n/10 para</w>              1[] 
 []


Overfull \hbox (7.125pt too wide) in paragraph at lines 1122--1122
[]   \T1/pcr/m/n/10 vida</w>              1[] 
 []


Overfull \hbox (7.125pt too wide) in paragraph at lines 1122--1122
[]   \T1/pcr/m/n/10 café</w>              1[] 
 []












Package fancyhdr Warning: \headheight is too small (12.0pt): 
(fancyhdr)                Make it at least 14.49998pt, for example:
(fancyhdr)                \setlength{\headheight}{14.49998pt}.
(fancyhdr)                You might also make \topmargin smaller:
(fancyhdr)                \addtolength{\topmargin}{-2.49998pt}.

[12]
<mejores_cbow.png, id=76, 722.7pt x 433.62pt>
File: mejores_cbow.png Graphic file (type png)
<use mejores_cbow.png>
Package pdftex.def Info: mejores_cbow.png  used on input line 1131.
(pdftex.def)             Requested size: 373.30144pt x 223.98175pt.



Package fancyhdr Warning: \headheight is too small (12.0pt): 
(fancyhdr)                Make it at least 14.49998pt, for example:
(fancyhdr)                \setlength{\headheight}{14.49998pt}.
(fancyhdr)                You might also make \topmargin smaller:
(fancyhdr)                \addtolength{\topmargin}{-2.49998pt}.

[13 <./mejores_cbow.png>] (./document.aux
LaTeX Info: Redefining \. on input line 11.
LaTeX Info: Redefining \% on input line 11.
)
 ***********
LaTeX2e <2025-06-01> patch level 1
L3 programming layer <2025-08-13>
 ***********
Package rerunfilecheck Info: File `document.out' has not changed.
(rerunfilecheck)             Checksum: D41D8CD98F00B204E9800998ECF8427E;0.
 ) 
Here is how much of TeX's memory you used:
 12194 strings out of 467800
 189462 string characters out of 5436061
 715501 words of memory out of 5000000
 40651 multiletter control sequences out of 15000+600000
 641253 words of font info for 70 fonts, out of 8000000 for 9000
 1141 hyphenation exceptions out of 8191
 69i,11n,79p,784b,773s stack positions out of 10000i,1000n,20000p,200000b,200000s
<c:/texlive/2025/texmf-dist/fonts/type1/public/amsfonts/cm/cmr12.pfb><c:/texl
ive/2025/texmf-dist/fonts/type1/public/cm-super/sfbx1200.pfb><c:/texlive/2025/t
exmf-dist/fonts/type1/public/cm-super/sfbx1440.pfb><c:/texlive/2025/texmf-dist/
fonts/type1/public/cm-super/sfbx1728.pfb><c:/texlive/2025/texmf-dist/fonts/type
1/public/cm-super/sfbx2074.pfb><c:/texlive/2025/texmf-dist/fonts/type1/public/c
m-super/sfrm1200.pfb><c:/texlive/2025/texmf-dist/fonts/type1/public/cm-super/sf
rm1440.pfb><c:/texlive/2025/texmf-dist/fonts/type1/public/cm-super/sfti1200.pfb
><c:/texlive/2025/texmf-dist/fonts/type1/urw/courier/ucrb8a.pfb><c:/texlive/202
5/texmf-dist/fonts/type1/urw/courier/ucrr8a.pfb>
Output written on document.pdf (13 pages, 272043 bytes).
PDF statistics:
 138 PDF objects out of 1000 (max. 8388607)
 100 compressed objects within 1 object stream
 27 named destinations out of 1000 (max. 500000)
 6 words of extra memory for PDF output out of 10000 (max. 10000000)

